<?xml version="1.0" encoding="UTF-8"?>
<!-- Generated by org.testng.reporters.JUnitReportReporter -->
<testsuite skipped="0" hostname="DESKTOP-MUE1MC5" name="com.qa.tests.LoginPageTest" tests="2" failures="0" timestamp="30 Nov 2019 19:37:29 GMT" time="44.420" errors="0">
  <testcase name="verifyLoginPageTitleTest" time="14.760" classname="com.qa.tests.LoginPageTest"/>
  <testcase name="verifyDoLoginTest" time="29.660" classname="com.qa.tests.LoginPageTest"/>
</testsuite> <!-- com.qa.tests.LoginPageTest -->
